<?xml version="1.0" encoding="UTF-8"?>
<testng-results ignored="0" total="1" passed="1" failed="0" skipped="0">
  <reporter-output>
  </reporter-output>
  <suite started-at="2023-09-22T22:13:18 EET" name="Default suite" finished-at="2023-09-22T22:13:22 EET" duration-ms="4617">
    <groups>
    </groups>
    <test started-at="2023-09-22T22:13:18 EET" name="Default test" finished-at="2023-09-22T22:13:22 EET" duration-ms="4617">
      <class name="Almosafer01">
        <test-method is-config="true" signature="beforeTest()[pri:0, instance:Almosafer01@4d6f623d]" started-at="2023-09-22T22:13:18 EET" name="beforeTest" finished-at="2023-09-22T22:13:21 EET" duration-ms="3902" status="PASS">
          <reporter-output>
          </reporter-output>
        </test-method> <!-- beforeTest -->
        <test-method signature="test()[pri:0, instance:Almosafer01@4d6f623d]" started-at="2023-09-22T22:13:21 EET" name="test" finished-at="2023-09-22T22:13:22 EET" duration-ms="160" status="PASS">
          <reporter-output>
          </reporter-output>
        </test-method> <!-- test -->
        <test-method is-config="true" signature="afterTest()[pri:0, instance:Almosafer01@4d6f623d]" started-at="2023-09-22T22:13:22 EET" name="afterTest" finished-at="2023-09-22T22:13:22 EET" duration-ms="469" status="PASS">
          <reporter-output>
          </reporter-output>
        </test-method> <!-- afterTest -->
      </class> <!-- Almosafer01 -->
    </test> <!-- Default test -->
  </suite> <!-- Default suite -->
</testng-results>
